04-Feb-2021 ; 01.03.11 INFO  : main.B4_NodeGeneration [generateNodeId] - Node ID is generated Successfully 
04-Feb-2021 ; 01.03.11 INFO  : main.B4_NodeGeneration [generateNodeId] - Node ID -74123C9DFD786ABBA33638908533F7C3A620522F 
04-Feb-2021 ; 01.03.11 INFO  : main.B4_NodeGeneration [signNodeIdUsingPrivateKey] - NodeID signed using PrivateKey 
04-Feb-2021 ; 01.19.38 INFO  : main.B4_NodeGeneration [generateNodeId] - Node ID is generated Successfully 
04-Feb-2021 ; 01.19.38 INFO  : main.B4_NodeGeneration [generateNodeId] - Node ID -C2E10E2F097CE1399B3DB86D43D3185360302A13 
04-Feb-2021 ; 01.21.52 INFO  : main.B4_NodeGeneration [generateNodeId] - Node ID is generated Successfully 
04-Feb-2021 ; 01.21.52 INFO  : main.B4_NodeGeneration [generateNodeId] - Node ID -D5893F9EAD2619942B465A54C557C0EAAFC0163F 
04-Feb-2021 ; 01.21.52 INFO  : main.B4_NodeGeneration [signNodeIdUsingPrivateKey] - NodeID signed using PrivateKey 
04-Feb-2021 ; 01.21.52 INFO  : main.B4_NodeGeneration [generateNodeId] - Node ID is generated Successfully 
04-Feb-2021 ; 01.21.52 INFO  : main.B4_NodeGeneration [generateNodeId] - Node ID -D5893F9EAD2619942B465A54C557C0EAAFC0163F 
04-Feb-2021 ; 08.04.27 INFO  : main.B4_NodeGeneration [generateNodeId] - Node ID is generated Successfully 
04-Feb-2021 ; 08.04.27 INFO  : main.B4_NodeGeneration [generateNodeId] - Node ID -2A15942B9EFF06BF88A8DC24E2D4177774DA56F8 
04-Feb-2021 ; 08.04.27 INFO  : main.B4_NodeGeneration [signNodeIdUsingPrivateKey] - NodeID signed using PrivateKey 
04-Feb-2021 ; 08.04.27 INFO  : main.B4_NodeGeneration [generateNodeId] - Node ID is generated Successfully 
04-Feb-2021 ; 08.04.27 INFO  : main.B4_NodeGeneration [generateNodeId] - Node ID -2A15942B9EFF06BF88A8DC24E2D4177774DA56F8 
04-Feb-2021 ; 08.10.18 INFO  : main.B4_NodeGeneration [generateNodeId] - Node ID is generated Successfully 
04-Feb-2021 ; 08.10.18 INFO  : main.B4_NodeGeneration [generateNodeId] - Node ID -79C65C8280275F8AFEB66E626F35F76EE7D620B0 
04-Feb-2021 ; 08.10.18 INFO  : main.B4_NodeGeneration [signNodeIdUsingPrivateKey] - NodeID signed using PrivateKey 
04-Feb-2021 ; 08.10.18 INFO  : main.B4_NodeGeneration [generateNodeId] - Node ID is generated Successfully 
04-Feb-2021 ; 08.10.18 INFO  : main.B4_NodeGeneration [generateNodeId] - Node ID -79C65C8280275F8AFEB66E626F35F76EE7D620B0 
04-Feb-2021 ; 08.13.02 INFO  : main.B4_NodeGeneration [generateNodeId] - Node ID is generated Successfully 
04-Feb-2021 ; 08.13.02 INFO  : main.B4_NodeGeneration [generateNodeId] - Node ID -7BFEC6557510AD992898F02AA8A85EE2DA5D83BF 
04-Feb-2021 ; 08.13.02 INFO  : main.B4_NodeGeneration [signNodeIdUsingPrivateKey] - NodeID signed using PrivateKey 
04-Feb-2021 ; 08.13.02 INFO  : main.B4_NodeGeneration [generateNodeId] - Node ID is generated Successfully 
04-Feb-2021 ; 08.13.02 INFO  : main.B4_NodeGeneration [generateNodeId] - Node ID -7BFEC6557510AD992898F02AA8A85EE2DA5D83BF 
04-Feb-2021 ; 08.16.23 INFO  : main.B4_NodeGeneration [generateNodeId] - Node ID is generated Successfully 
04-Feb-2021 ; 08.16.23 INFO  : main.B4_NodeGeneration [generateNodeId] - Node ID -2DA0674C53EA14700A80319F25385AE04A610852 
04-Feb-2021 ; 08.16.24 INFO  : main.B4_NodeGeneration [signNodeIdUsingPrivateKey] - NodeID signed using PrivateKey 
04-Feb-2021 ; 08.16.24 INFO  : main.B4_NodeGeneration [generateNodeId] - Node ID is generated Successfully 
04-Feb-2021 ; 08.16.24 INFO  : main.B4_NodeGeneration [generateNodeId] - Node ID -2DA0674C53EA14700A80319F25385AE04A610852 
04-Feb-2021 ; 08.17.15 INFO  : main.B4_NodeGeneration [generateNodeId] - Node ID is generated Successfully 
04-Feb-2021 ; 08.17.15 INFO  : main.B4_NodeGeneration [generateNodeId] - Node ID -C9F1B694FEBC9C06043C628498E2C7471BF996A0 
04-Feb-2021 ; 08.17.15 INFO  : main.B4_NodeGeneration [signNodeIdUsingPrivateKey] - NodeID signed using PrivateKey 
04-Feb-2021 ; 08.17.15 INFO  : main.B4_NodeGeneration [generateNodeId] - Node ID is generated Successfully 
04-Feb-2021 ; 08.17.15 INFO  : main.B4_NodeGeneration [generateNodeId] - Node ID -C9F1B694FEBC9C06043C628498E2C7471BF996A0 
04-Feb-2021 ; 08.18.48 INFO  : main.B4_NodeGeneration [generateNodeId] - Node ID is generated Successfully 
04-Feb-2021 ; 08.18.48 INFO  : main.B4_NodeGeneration [generateNodeId] - Node ID -6AE3223E568340B2CE770884DC82847690E88A3C 
04-Feb-2021 ; 08.18.48 INFO  : main.B4_NodeGeneration [signNodeIdUsingPrivateKey] - NodeID signed using PrivateKey 
04-Feb-2021 ; 08.18.48 INFO  : main.B4_NodeGeneration [generateNodeId] - Node ID is generated Successfully 
04-Feb-2021 ; 08.18.48 INFO  : main.B4_NodeGeneration [generateNodeId] - Node ID -6AE3223E568340B2CE770884DC82847690E88A3C 
04-Feb-2021 ; 08.21.29 INFO  : main.B4_NodeGeneration [generateNodeId] - Node ID is generated Successfully 
04-Feb-2021 ; 08.21.29 INFO  : main.B4_NodeGeneration [generateNodeId] - Node ID -7988E138AFE4356FB62997FAAA141887CCADD839 
04-Feb-2021 ; 08.21.29 INFO  : main.B4_NodeGeneration [signNodeIdUsingPrivateKey] - NodeID signed using PrivateKey 
04-Feb-2021 ; 08.21.29 INFO  : main.B4_NodeGeneration [generateNodeId] - Node ID is generated Successfully 
04-Feb-2021 ; 08.21.29 INFO  : main.B4_NodeGeneration [generateNodeId] - Node ID -7988E138AFE4356FB62997FAAA141887CCADD839 
04-Feb-2021 ; 08.24.38 INFO  : main.B4_NodeGeneration [generateNodeId] - Node ID is generated Successfully 
04-Feb-2021 ; 08.24.38 INFO  : main.B4_NodeGeneration [generateNodeId] - Node ID -C9B585D30D0B7C743F0A6527023952158FC5B537 
04-Feb-2021 ; 08.24.39 INFO  : main.B4_NodeGeneration [signNodeIdUsingPrivateKey] - NodeID signed using PrivateKey 
